{"/media/crypt2/projects/require-walk/index.js":{"path":"/media/crypt2/projects/require-walk/index.js","s":{"1":1,"2":1,"3":3,"4":3,"5":1,"6":4,"7":5,"8":5,"9":5,"10":1,"11":4,"12":4,"13":2,"14":2,"15":3,"16":3},"b":{"1":[1,4],"2":[4,0],"3":[4,4],"4":[2,2]},"f":{"1":3,"2":3,"3":4,"4":5},"fnMap":{"1":{"name":"(anonymous_1)","line":22,"loc":{"start":{"line":22,"column":17},"end":{"line":22,"column":33}}},"2":{"name":"(anonymous_2)","line":24,"loc":{"start":{"line":24,"column":11},"end":{"line":24,"column":23}}},"3":{"name":"readdirSync","line":29,"loc":{"start":{"line":29,"column":4},"end":{"line":29,"column":32}}},"4":{"name":"(anonymous_4)","line":31,"loc":{"start":{"line":31,"column":35},"end":{"line":31,"column":51}}}},"statementMap":{"1":{"start":{"line":3,"column":0},"end":{"line":3,"column":23}},"2":{"start":{"line":22,"column":0},"end":{"line":69,"column":2}},"3":{"start":{"line":24,"column":2},"end":{"line":65,"column":4}},"4":{"start":{"line":27,"column":4},"end":{"line":27,"column":25}},"5":{"start":{"line":29,"column":4},"end":{"line":60,"column":5}},"6":{"start":{"line":31,"column":6},"end":{"line":59,"column":9}},"7":{"start":{"line":33,"column":8},"end":{"line":33,"column":45}},"8":{"start":{"line":35,"column":8},"end":{"line":35,"column":40}},"9":{"start":{"line":37,"column":8},"end":{"line":57,"column":9}},"10":{"start":{"line":40,"column":10},"end":{"line":40,"column":31}},"11":{"start":{"line":45,"column":10},"end":{"line":56,"column":11}},"12":{"start":{"line":48,"column":12},"end":{"line":55,"column":13}},"13":{"start":{"line":49,"column":14},"end":{"line":49,"column":49}},"14":{"start":{"line":54,"column":14},"end":{"line":54,"column":31}},"15":{"start":{"line":63,"column":4},"end":{"line":63,"column":22}},"16":{"start":{"line":67,"column":2},"end":{"line":67,"column":12}}},"branchMap":{"1":{"line":37,"type":"if","locations":[{"start":{"line":37,"column":8},"end":{"line":37,"column":8}},{"start":{"line":37,"column":8},"end":{"line":37,"column":8}}]},"2":{"line":45,"type":"if","locations":[{"start":{"line":45,"column":10},"end":{"line":45,"column":10}},{"start":{"line":45,"column":10},"end":{"line":45,"column":10}}]},"3":{"line":45,"type":"binary-expr","locations":[{"start":{"line":45,"column":14},"end":{"line":45,"column":46}},{"start":{"line":45,"column":50},"end":{"line":45,"column":69}}]},"4":{"line":48,"type":"if","locations":[{"start":{"line":48,"column":12},"end":{"line":48,"column":12}},{"start":{"line":48,"column":12},"end":{"line":48,"column":12}}]}}}}