TN:
SF:/media/crypt2/projects/require-walk/index.js
FN:22,(anonymous_1)
FN:24,(anonymous_2)
FN:29,readdirSync
FN:31,(anonymous_4)
FNF:4
FNH:4
FNDA:3,(anonymous_1)
FNDA:3,(anonymous_2)
FNDA:4,readdirSync
FNDA:5,(anonymous_4)
DA:3,1
DA:22,1
DA:24,3
DA:27,3
DA:29,1
DA:31,4
DA:33,5
DA:35,5
DA:37,5
DA:40,1
DA:45,4
DA:48,4
DA:49,2
DA:54,2
DA:63,3
DA:67,3
LF:16
LH:16
BRDA:37,1,0,1
BRDA:37,1,1,4
BRDA:45,2,0,4
BRDA:45,2,1,0
BRDA:45,3,0,4
BRDA:45,3,1,4
BRDA:48,4,0,2
BRDA:48,4,1,2
BRF:8
BRH:7
end_of_record
